app/build/intermediates/manifest_merge_blame_file/debug/manifest-merger-blame-debug-report.txt
1<?xml version="1.0" encoding="utf-8"?>
2<!--
3  ~ Copyright (C) 2018 Google Inc.
4  ~
5  ~ Licensed under the Apache License, Version 2.0 (the "License");
6  ~ you may not use this file except in compliance with the License.
7  ~ You may obtain a copy of the License at
8  ~
9  ~     http://www.apache.org/licenses/LICENSE-2.0
10  ~
11  ~ Unless required by applicable law or agreed to in writing, software
12  ~ distributed under the License is distributed on an "AS IS" BASIS,
13  ~ WITHOUT WARRANTIES OR CONDITIONS OF ANY KIND, either express or implied.
14  ~ See the License for the specific language governing permissions and
15  ~ limitations under the License.
16-->
17<manifest xmlns:android="http://schemas.android.com/apk/res/android"
18    xmlns:dist="http://schemas.android.com/apk/distribution"
19    package="com.example.android.droidcafe"
20    android:versionCode="1"
21    android:versionName="1.0" >
22
23    <uses-sdk
24        android:minSdkVersion="23"
24-->src\main\AndroidManifest.xml
25        android:targetSdkVersion="29" />
25-->src\main\AndroidManifest.xml
26
27    <dist:module dist:instant="true" />
27-->src\main\AndroidManifest.xml:22:5-40
27-->src\main\AndroidManifest.xml:22:18-37
28
29    <application
29-->src\main\AndroidManifest.xml:23:5-43:19
30        android:allowBackup="true"
30-->src\main\AndroidManifest.xml:24:9-35
31        android:appComponentFactory="androidx.core.app.CoreComponentFactory"
31-->[androidx.core:core:1.3.1] AndroidManifest.xml:24:18-86
32        android:debuggable="true"
33        android:extractNativeLibs="false"
34        android:icon="@mipmap/ic_launcher"
34-->src\main\AndroidManifest.xml:25:9-43
35        android:label="@string/app_name"
35-->src\main\AndroidManifest.xml:26:9-41
36        android:roundIcon="@mipmap/ic_launcher_round"
36-->src\main\AndroidManifest.xml:27:9-54
37        android:supportsRtl="true"
37-->src\main\AndroidManifest.xml:28:9-35
38        android:testOnly="true"
39        android:theme="@style/AppTheme" >
39-->src\main\AndroidManifest.xml:29:9-40
40        <activity
40-->src\main\AndroidManifest.xml:30:9-39:20
41            android:name="com.example.android.droidcafe.MainActivity"
41-->src\main\AndroidManifest.xml:31:13-70
42            android:label="@string/app_name"
42-->src\main\AndroidManifest.xml:32:13-45
43            android:theme="@style/AppTheme.NoActionBar" >
43-->src\main\AndroidManifest.xml:33:13-56
44            <intent-filter>
44-->src\main\AndroidManifest.xml:34:13-38:29
45                <action android:name="android.intent.action.MAIN" />
45-->src\main\AndroidManifest.xml:35:17-69
45-->src\main\AndroidManifest.xml:35:25-66
46
47                <category android:name="android.intent.category.LAUNCHER" />
47-->src\main\AndroidManifest.xml:37:17-77
47-->src\main\AndroidManifest.xml:37:27-74
48            </intent-filter>
49        </activity>
50        <activity android:name="com.example.android.droidcafe.OrderActivity" >
50-->src\main\AndroidManifest.xml:40:9-42:20
50-->src\main\AndroidManifest.xml:40:19-48
51        </activity>
52    </application>
53
54</manifest>